<?xml version="1.0" encoding="UTF-8"?>
<testng-results skipped="0" failed="0" total="0" passed="0">
  <reporter-output>
  </reporter-output>
  <suite name="com.activiti.client.api.ActivitiAPITestCase" duration-ms="4" started-at="2018-01-08T21:26:21Z" finished-at="2018-01-08T21:26:21Z">
    <groups>
    </groups>
    <test name="Command line test" duration-ms="4" started-at="2018-01-08T21:26:21Z" finished-at="2018-01-08T21:26:21Z">
    </test> <!-- Command line test -->
  </suite> <!-- com.activiti.client.api.ActivitiAPITestCase -->
</testng-results>
